<?xml version="1.0" encoding="UTF-8"?><testsuite errors="0" failures="1" name="Crear usuario" skipped="0" tests="1" time="0.94" timestamp="2023-04-03 03:13:17"><testcase name="Crear un usuario"><failure message="Cannot parse object because no supported Content-Type was specified in response. Content-Type was 'text/html; charset=utf-8'." type="java.lang.AssertionError">Cannot parse object because no supported Content-Type was specified in response. Content-Type was 'text/html; charset=utf-8'.</failure><system-err>Cannot parse object because no supported Content-Type was specified in response. Content-Type was 'text/html; charset=utf-8'.&#13;
co.sofkau.stepdefinitions.PostCrearUsuarioStepDefinitions.elUsuarioVisualizaUnCodigoDeRespuestaDeEstadoYUnUnYUn(PostCrearUsuarioStepDefinitions.java:70)&#13;
✽.el usuario visualiza un codigo de respuesta de estado 201 y un "morpheus", un "leader" y un 994(file:///C:/Users/valentina.mejia/Downloads/RetoRest/src/test/resources/features/PostCrearUsuario.feature:12)&#13;
</system-err></testcase></testsuite>