<?xml version="1.0" encoding="UTF-8"?><testsuite errors="0" failures="1" name="Login exitoso" skipped="0" tests="1" time="0.75" timestamp="2023-04-03 03:13:18"><testcase name="Login Exitoso"><failure message="Cannot parse object because no supported Content-Type was specified in response. Content-Type was 'text/html; charset=utf-8'." type="java.lang.AssertionError">Cannot parse object because no supported Content-Type was specified in response. Content-Type was 'text/html; charset=utf-8'.</failure><system-err>Cannot parse object because no supported Content-Type was specified in response. Content-Type was 'text/html; charset=utf-8'.&#13;
co.sofkau.stepdefinitions.PostLoginExitosoStepDefinitions.elUsuarioVisualizaUnCodigoDeRespuestaDeEstadoYUn(PostLoginExitosoStepDefinitions.java:63)&#13;
✽.el usuario visualiza un codigo de respuesta de estado 200 y un "QpwL5tke4Pnpja7X4"(file:///C:/Users/valentina.mejia/Downloads/RetoRest/src/test/resources/features/PostLoginExitoso.feature:12)&#13;
</system-err></testcase></testsuite>